<?xml version="1.0" encoding="UTF-8"?>
<!-- Generated by org.testng.reporters.JUnitReportReporter -->
<testsuite skipped="0" hostname="DESKTOP-DTEHQQO" name="facebook.Facebook_Test" tests="1" failures="0" timestamp="24 Sep 2017 05:40:26 GMT" time="31.400" errors="0">
  <testcase name="TC01" time="31.400" classname="facebook.Facebook_Test"/>
</testsuite> <!-- facebook.Facebook_Test -->
